<?xml version="1.0" encoding="UTF-8"?>
<testsuite xmlns:xsi="http://www.w3.org/2001/XMLSchema-instance" xsi:noNamespaceSchemaLocation="https://maven.apache.org/surefire/maven-surefire-plugin/xsd/surefire-test-report-3.0.xsd" version="3.0" name="com.sdet.pact.provider.verification.UserProviderPactTest" time="0.576" tests="5" errors="0" skipped="0" failures="0">
  <properties>
[...]
</properties>
  <testcase name="verifyPact(PactVerificationContext)[1]" classname="com.sdet.pact.provider.verification.UserProviderPactTest" time="0.122">
    <system-out><![CDATA[User Provider Stub started on port 8080

Verifying a pact between UserConsumer and UserProvider
  [Using File ../consumer-service/target/pacts/UserConsumer-UserProvider.json]
  Given User creation is allowed
  A request to create a new user

  Test Name: com.sdet.pact.consumer.contracts.UserConsumerPactTest.Should create a new user successfully

  Comments:

    returns a response which
      has status code 201 (OK)
      has a matching body (OK)
User Provider Stub stopped
]]></system-out>
    <system-err><![CDATA[[main] INFO au.com.dius.pact.provider.junit5.PactVerificationStateChangeExtension$Companion - Invoking state change method 'User creation is allowed':SETUP
[main] WARN au.com.dius.pact.provider.DefaultTestResultAccumulator - Not all of the 5 were verified. The following were missing:
[main] WARN au.com.dius.pact.provider.DefaultTestResultAccumulator -     A request to delete user
[main] WARN au.com.dius.pact.provider.DefaultTestResultAccumulator -     A request to get user by ID
[main] WARN au.com.dius.pact.provider.DefaultTestResultAccumulator -     A request to update user
[main] WARN au.com.dius.pact.provider.DefaultTestResultAccumulator -     A request to get non-existent user
]]></system-err>
  </testcase>
  <testcase name="verifyPact(PactVerificationContext)[2]" classname="com.sdet.pact.provider.verification.UserProviderPactTest" time="0.112">
    <system-out><![CDATA[User Provider Stub started on port 8080

Verifying a pact between UserConsumer and UserProvider
  [Using File ../consumer-service/target/pacts/UserConsumer-UserProvider.json]
  Given User with ID 1 exists
  A request to delete user

  Test Name: com.sdet.pact.consumer.contracts.UserConsumerPactTest.Should delete user successfully

  Comments:

    returns a response which
      has status code 204 (OK)
      has a matching body (OK)
User Provider Stub stopped
]]></system-out>
    <system-err><![CDATA[[main] INFO au.com.dius.pact.provider.junit5.PactVerificationStateChangeExtension$Companion - Invoking state change method 'User with ID 1 exists':SETUP
Jan 12, 2026 8:50:45 PM sun.net.httpserver.ExchangeImpl sendResponseHeaders
WARNING: sendResponseHeaders: rCode = 204: forcing contentLen = -1
[main] WARN au.com.dius.pact.provider.DefaultTestResultAccumulator - Not all of the 5 were verified. The following were missing:
[main] WARN au.com.dius.pact.provider.DefaultTestResultAccumulator -     A request to get user by ID
[main] WARN au.com.dius.pact.provider.DefaultTestResultAccumulator -     A request to update user
[main] WARN au.com.dius.pact.provider.DefaultTestResultAccumulator -     A request to get non-existent user
]]></system-err>
  </testcase>
  <testcase name="verifyPact(PactVerificationContext)[3]" classname="com.sdet.pact.provider.verification.UserProviderPactTest" time="0.111">
    <system-out><![CDATA[User Provider Stub started on port 8080

Verifying a pact between UserConsumer and UserProvider
  [Using File ../consumer-service/target/pacts/UserConsumer-UserProvider.json]
  Given User with ID 1 exists
  A request to get user by ID

  Test Name: com.sdet.pact.consumer.contracts.UserConsumerPactTest.Should retrieve user by ID successfully

  Comments:

    returns a response which
      has status code 200 (OK)
      has a matching body (OK)
User Provider Stub stopped
]]></system-out>
    <system-err><![CDATA[[main] INFO au.com.dius.pact.provider.junit5.PactVerificationStateChangeExtension$Companion - Invoking state change method 'User with ID 1 exists':SETUP
[main] WARN au.com.dius.pact.provider.DefaultTestResultAccumulator - Not all of the 5 were verified. The following were missing:
[main] WARN au.com.dius.pact.provider.DefaultTestResultAccumulator -     A request to update user
[main] WARN au.com.dius.pact.provider.DefaultTestResultAccumulator -     A request to get non-existent user
]]></system-err>
  </testcase>
  <testcase name="verifyPact(PactVerificationContext)[4]" classname="com.sdet.pact.provider.verification.UserProviderPactTest" time="0.109">
    <system-out><![CDATA[User Provider Stub started on port 8080

Verifying a pact between UserConsumer and UserProvider
  [Using File ../consumer-service/target/pacts/UserConsumer-UserProvider.json]
  Given User with ID 1 exists
  A request to update user

  Test Name: com.sdet.pact.consumer.contracts.UserConsumerPactTest.Should update user successfully

  Comments:

    returns a response which
      has status code 200 (OK)
      has a matching body (OK)
User Provider Stub stopped
]]></system-out>
    <system-err><![CDATA[[main] INFO au.com.dius.pact.provider.junit5.PactVerificationStateChangeExtension$Companion - Invoking state change method 'User with ID 1 exists':SETUP
[main] WARN au.com.dius.pact.provider.DefaultTestResultAccumulator - Not all of the 5 were verified. The following were missing:
[main] WARN au.com.dius.pact.provider.DefaultTestResultAccumulator -     A request to get non-existent user
]]></system-err>
  </testcase>
  <testcase name="verifyPact(PactVerificationContext)[5]" classname="com.sdet.pact.provider.verification.UserProviderPactTest" time="0.108">
    <system-out><![CDATA[User Provider Stub started on port 8080

Verifying a pact between UserConsumer and UserProvider
  [Using File ../consumer-service/target/pacts/UserConsumer-UserProvider.json]
  Given User with ID 999 does not exist
  A request to get non-existent user

  Test Name: com.sdet.pact.consumer.contracts.UserConsumerPactTest.Should return 404 when user not found

  Comments:

    returns a response which
      has status code 404 (OK)
      has a matching body (OK)
User Provider Stub stopped
]]></system-out>
    <system-err><![CDATA[[main] INFO au.com.dius.pact.provider.junit5.PactVerificationStateChangeExtension$Companion - Invoking state change method 'User with ID 999 does not exist':SETUP
[main] WARN au.com.dius.pact.provider.DefaultTestResultAccumulator - Skipping publishing of verification results as it has been disabled (pact.verifier.publishResults is not 'true')
]]></system-err>
  </testcase>
</testsuite>