<?xml version="1.0" encoding="UTF-8"?>
<testsuite xmlns:xsi="http://www.w3.org/2001/XMLSchema-instance" xsi:noNamespaceSchemaLocation="https://maven.apache.org/surefire/maven-surefire-plugin/xsd/surefire-test-report-3.0.xsd" version="3.0" name="com.sdet.pact.consumer.contracts.ProductConsumerPactTest" time="1.191" tests="2" errors="0" skipped="0" failures="0">
  <properties>
[...]
</properties>
  <testcase name="testGetProductByIdWithDetails(MockServer)" classname="com.sdet.pact.consumer.contracts.ProductConsumerPactTest" time="0.833">
    <system-out><![CDATA[Request method:	GET
Request URI:	http://localhost:57981/api/products/1?includeDetails=true
Proxy:			<none>
Request params:	<none>
Query params:	includeDetails=true
Form params:	<none>
Path params:	<none>
Headers:		Accept=*/*
				Content-Type=application/json
Cookies:		<none>
Multiparts:		<none>
Body:			<none>
HTTP/1.1 200 OK
Date: Mon, 12 Jan 2026 15:19:30 GMT
Content-type: application/json
Content-length: 149

{
    "category": "Electronics",
    "details": {
        "manufacturer": "TechCorp",
        "stock": 50,
        "warranty": "2 years"
    },
    "id": 1,
    "inStock": true,
    "name": "Laptop",
    "price": 999.99
}
]]></system-out>
    <system-err><![CDATA[[Thread-2] WARN au.com.dius.pact.core.support.Metrics - 
            Please note: we are tracking events anonymously to gather important usage statistics like JVM version
            and operating system. To disable tracking, set the 'pact_do_not_track' system property or environment
            variable to 'true'.
            
]]></system-err>
  </testcase>
  <testcase name="testGetAllProducts(MockServer)" classname="com.sdet.pact.consumer.contracts.ProductConsumerPactTest" time="0.146">
    <system-out><![CDATA[Request method:	GET
Request URI:	http://localhost:57991/api/products
Proxy:			<none>
Request params:	<none>
Query params:	<none>
Form params:	<none>
Path params:	<none>
Headers:		Accept=*/*
				Content-Type=application/json
Cookies:		<none>
Multiparts:		<none>
Body:			<none>
HTTP/1.1 200 OK
Date: Mon, 12 Jan 2026 15:19:31 GMT
Content-type: application/json
Content-length: 159

[
    {
        "category": "Electronics",
        "id": 1,
        "inStock": true,
        "name": "Laptop",
        "price": 999.99
    },
    {
        "category": "Accessories",
        "id": 2,
        "inStock": true,
        "name": "Mouse",
        "price": 29.99
    }
]
]]></system-out>
  </testcase>
</testsuite>